[debug] [2022-11-23T23:30:48.016Z] ----------------------------------------------------------------------
[debug] [2022-11-23T23:30:48.018Z] Command:       C:\Program Files\nodejs\node.exe C:\Users\carol\AppData\Roaming\npm\node_modules\firebase-tools\lib\bin\firebase.js init hosting
[debug] [2022-11-23T23:30:48.018Z] CLI Version:   11.16.1
[debug] [2022-11-23T23:30:48.018Z] Platform:      win32
[debug] [2022-11-23T23:30:48.018Z] Node Version:  v16.14.0
[debug] [2022-11-23T23:30:48.027Z] Time:          Wed Nov 23 2022 17:30:48 GMT-0600 (Central Standard Time)
[debug] [2022-11-23T23:30:48.028Z] ----------------------------------------------------------------------
[debug] 
[debug] [2022-11-23T23:30:48.031Z] >>> [apiv2][query] GET https://firebase-public.firebaseio.com/cli.json [none]
[debug] [2022-11-23T23:30:48.051Z] > command requires scopes: ["email","openid","https://www.googleapis.com/auth/cloudplatformprojects.readonly","https://www.googleapis.com/auth/firebase","https://www.googleapis.com/auth/cloud-platform"]
[debug] [2022-11-23T23:30:48.052Z] > authorizing via signed-in user (carolwyliu@gmail.com)
[info] 
     ######## #### ########  ######## ########     ###     ######  ########
     ##        ##  ##     ## ##       ##     ##  ##   ##  ##       ##
     ######    ##  ########  ######   ########  #########  ######  ######
     ##        ##  ##    ##  ##       ##     ## ##     ##       ## ##
     ##       #### ##     ## ######## ########  ##     ##  ######  ########

You're about to initialize a Firebase project in this directory:

  C:\Users\carol\Documents\GitHub\COVID-Tweet-Sentiment

[debug] [2022-11-23T23:30:48.230Z] <<< [apiv2][status] GET https://firebase-public.firebaseio.com/cli.json 200
[debug] [2022-11-23T23:30:48.231Z] <<< [apiv2][body] GET https://firebase-public.firebaseio.com/cli.json {"cloudBuildErrorAfter":1594252800000,"cloudBuildWarnAfter":1590019200000,"defaultNode10After":1594252800000,"minVersion":"3.0.5","node8DeploysDisabledAfter":1613390400000,"node8RuntimeDisabledAfter":1615809600000,"node8WarnAfter":1600128000000}
[info] 
=== Project Setup
[info] 
[info] First, let's associate this project directory with a Firebase project.
[info] You can create multiple project aliases by running firebase use --add, 
[info] but for now we'll just set up a default project.
[info] 
[debug] [2022-11-23T23:31:17.110Z] > refreshing access token with scopes: []
[debug] [2022-11-23T23:31:17.112Z] >>> [apiv2][query] POST https://www.googleapis.com/oauth2/v3/token [none]
[debug] [2022-11-23T23:31:17.112Z] >>> [apiv2][body] POST https://www.googleapis.com/oauth2/v3/token [omitted]
[debug] [2022-11-23T23:31:17.353Z] <<< [apiv2][status] POST https://www.googleapis.com/oauth2/v3/token 200
[debug] [2022-11-23T23:31:17.354Z] <<< [apiv2][body] POST https://www.googleapis.com/oauth2/v3/token [omitted]
[debug] [2022-11-23T23:31:17.366Z] >>> [apiv2][query] GET https://firebase.googleapis.com/v1beta1/projects pageSize=100
[debug] [2022-11-23T23:31:17.891Z] <<< [apiv2][status] GET https://firebase.googleapis.com/v1beta1/projects 200
[debug] [2022-11-23T23:31:17.892Z] <<< [apiv2][body] GET https://firebase.googleapis.com/v1beta1/projects [omitted]
[info] i  Using project senti-map-a9660 (senti-map) 
[info] 
=== Hosting Setup
[info] 
[info] Your public directory is the folder (relative to your project directory) that
[info] will contain Hosting assets to be uploaded with firebase deploy. If you
[info] have a build process for your assets, use your build's output directory.
[info] 
[debug] [2022-11-23T23:32:04.576Z] >>> [apiv2][query] GET https://www.gstatic.com/firebasejs/releases.json [none]
[debug] [2022-11-23T23:32:04.686Z] <<< [apiv2][status] GET https://www.gstatic.com/firebasejs/releases.json 200
[debug] [2022-11-23T23:32:04.687Z] <<< [apiv2][body] GET https://www.gstatic.com/firebasejs/releases.json {"current":{"version":"9.14.0","browserURL":"https://www.gstatic.com/firebasejs/9.14.0/firebase.js","packageURL":"https://www.gstatic.com/firebasejs/9.14.0/firebase.tgz"},"live":{"version":"9.14","browserURL":"https://www.gstatic.com/firebasejs/live/9.14/firebase.js","packageURL":"https://www.gstatic.com/firebasejs/live/9.14/firebase.tgz"},"components":{"analytics":"https://www.gstatic.com/firebasejs/9.14.0/firebase-analytics.js","app":"https://www.gstatic.com/firebasejs/9.14.0/firebase-app.js","app-check":"https://www.gstatic.com/firebasejs/9.14.0/firebase-app-check.js","auth":"https://www.gstatic.com/firebasejs/9.14.0/firebase-auth.js","auth/cordova":"https://www.gstatic.com/firebasejs/9.14.0/firebase-auth/cordova.js","auth/react-native":"https://www.gstatic.com/firebasejs/9.14.0/firebase-auth/react-native.js","functions":"https://www.gstatic.com/firebasejs/9.14.0/firebase-functions.js","firestore":"https://www.gstatic.com/firebasejs/9.14.0/firebase-firestore.js","firestore/lite":"https://www.gstatic.com/firebasejs/9.14.0/firebase-firestore/lite.js","installations":"https://www.gstatic.com/firebasejs/9.14.0/firebase-installations.js","storage":"https://www.gstatic.com/firebasejs/9.14.0/firebase-storage.js","performance":"https://www.gstatic.com/firebasejs/9.14.0/firebase-performance.js","remote-config":"https://www.gstatic.com/firebasejs/9.14.0/firebase-remote-config.js","messaging":"https://www.gstatic.com/firebasejs/9.14.0/firebase-messaging.js","messaging/sw":"https://www.gstatic.com/firebasejs/9.14.0/firebase-messaging/sw.js","database":"https://www.gstatic.com/firebasejs/9.14.0/firebase-database.js","firestore.memory":"https://www.gstatic.com/firebasejs/9.14.0/firebase-firestore.memory.js"}}
[info] +  Wrote public/index.html 
[info] 
[info] i  Detected a .git folder at C:\Users\carol\Documents\GitHub\COVID-Tweet-Sentiment 
[info] i  Authorizing with GitHub to upload your service account to a GitHub repository's secrets store. 
[info] 
[info] Visit this URL on this device to log in:
[info] https://github.com/login/oauth/authorize?client_id=89cf50f02ac6aaed3484&state=256069774&redirect_uri=http%3A%2F%2Flocalhost%3A9005&scope=read%3Auser%20repo%20public_repo
[info] 
[info] Waiting for authentication...
[debug] [2022-11-23T23:32:16.473Z] >>> [apiv2][query] POST https://github.com/login/oauth/access_token [none]
[debug] [2022-11-23T23:32:16.473Z] >>> [apiv2][body] POST https://github.com/login/oauth/access_token [stream]
[debug] [2022-11-23T23:32:16.765Z] <<< [apiv2][status] POST https://github.com/login/oauth/access_token 200
[debug] [2022-11-23T23:32:16.765Z] <<< [apiv2][body] POST https://github.com/login/oauth/access_token {"access_token":"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","token_type":"bearer","scope":"read:user,repo"}
[debug] [2022-11-23T23:32:16.776Z] >>> [apiv2][query] GET https://api.github.com/user [none]
[debug] [2022-11-23T23:32:17.086Z] <<< [apiv2][status] GET https://api.github.com/user 200
[debug] [2022-11-23T23:32:17.086Z] <<< [apiv2][body] GET https://api.github.com/user {"login":"carolliu2024","id":75544065,"node_id":"MDQ6VXNlcjc1NTQ0MDY1","avatar_url":"https://avatars.githubusercontent.com/u/75544065?v=4","gravatar_id":"","url":"https://api.github.com/users/carolliu2024","html_url":"https://github.com/carolliu2024","followers_url":"https://api.github.com/users/carolliu2024/followers","following_url":"https://api.github.com/users/carolliu2024/following{/other_user}","gists_url":"https://api.github.com/users/carolliu2024/gists{/gist_id}","starred_url":"https://api.github.com/users/carolliu2024/starred{/owner}{/repo}","subscriptions_url":"https://api.github.com/users/carolliu2024/subscriptions","organizations_url":"https://api.github.com/users/carolliu2024/orgs","repos_url":"https://api.github.com/users/carolliu2024/repos","events_url":"https://api.github.com/users/carolliu2024/events{/privacy}","received_events_url":"https://api.github.com/users/carolliu2024/received_events","type":"User","site_admin":false,"name":"Carol","company":"Northwestern University","blog":"","location":null,"email":null,"hireable":null,"bio":"Pursuing Applied Mathematics (BS), Computer Science (MS)","twitter_username":null,"public_repos":8,"public_gists":0,"followers":1,"following":1,"created_at":"2020-12-05T19:42:06Z","updated_at":"2022-11-23T23:32:15Z","private_gists":0,"total_private_repos":11,"owned_private_repos":10,"disk_usage":104452,"collaborators":2,"two_factor_authentication":false,"plan":{"name":"free","space":976562499,"collaborators":0,"private_repos":10000}}
[info] 
[info] +  Success! Logged into GitHub as carolliu2024 
[info] 
